<?xml version="1.0" encoding="UTF-8"?>
<beans xmlns="http://www.springframework.org/schema/beans"
       xmlns:xsi="http://www.w3.org/2001/XMLSchema-instance"
       xmlns:context="http://www.springframework.org/schema/context"
       xmlns:aop="http://www.springframework.org/schema/aop"
       xmlns:tx="http://www.springframework.org/schema/tx"
       xsi:schemaLocation="http://www.springframework.org/schema/beans
                           http://www.springframework.org/schema/beans/spring-beans.xsd
                           http://www.springframework.org/schema/context
                           http://www.springframework.org/schema/context/spring-context.xsd
                           http://www.springframework.org/schema/aop
                           http://www.springframework.org/schema/aop/spring-aop.xsd
                           http://www.springframework.org/schema/tx
                           http://www.springframework.org/schema/tx/spring-tx.xsd
                         ">
    <!--打开spring的Annotation支持-->
    <context:annotation-config/>
    <bean id="userDao" class="org.easymock.EasyMock" factory-method="createStrictMock">
        <constructor-arg value="com.lcc.cms.dao.IUserDao"/>
    </bean>
    <bean id="roleDao" class="org.easymock.EasyMock" factory-method="createStrictMock">
        <constructor-arg value="com.lcc.cms.dao.IRoleDao"/>
    </bean>
    <bean id="groupDao" class="org.easymock.EasyMock" factory-method="createStrictMock">
        <constructor-arg value="com.lcc.cms.dao.IGroupDao"/>
    </bean>

    <bean id="userService" class="com.lcc.cms.service.UserService">

        <property name="userDao" ref="userDao"/>
        <property name="roleDao" ref="roleDao"/>
        <property name="groupDao" ref="groupDao"/>

    </bean>
</beans>