<?xml version="1.0" encoding="UTF-8"?>
<testsuite xmlns:xsi="http://www.w3.org/2001/XMLSchema-instance" xsi:noNamespaceSchemaLocation="https://maven.apache.org/surefire/maven-surefire-plugin/xsd/surefire-test-report.xsd" name="com.lcc.basic.dao.TestUserDao" time="2.202" tests="2" errors="0" skipped="0" failures="0">
  <properties>
    <property name="sun.desktop" value="windows"/>
    <property name="awt.toolkit" value="sun.awt.windows.WToolkit"/>
    <property name="java.specification.version" value="12"/>
    <property name="sun.cpu.isalist" value="amd64"/>
    <property name="sun.jnu.encoding" value="GBK"/>
    <property name="java.class.path" value="E:\java_workspace\cms-parent\base-hibernate\target\test-classes;E:\java_workspace\cms-parent\base-hibernate\target\classes;E:\maven-repo\repo\junit\junit\4.12\junit-4.12.jar;E:\maven-repo\repo\org\hamcrest\hamcrest-core\1.3\hamcrest-core-1.3.jar;E:\maven-repo\repo\org\hibernate\hibernate-core\5.4.3.Final\hibernate-core-5.4.3.Final.jar;E:\maven-repo\repo\org\jboss\logging\jboss-logging\3.3.2.Final\jboss-logging-3.3.2.Final.jar;E:\maven-repo\repo\javax\persistence\javax.persistence-api\2.2\javax.persistence-api-2.2.jar;E:\maven-repo\repo\org\javassist\javassist\3.24.0-GA\javassist-3.24.0-GA.jar;E:\maven-repo\repo\net\bytebuddy\byte-buddy\1.9.10\byte-buddy-1.9.10.jar;E:\maven-repo\repo\antlr\antlr\2.7.7\antlr-2.7.7.jar;E:\maven-repo\repo\org\jboss\spec\javax\transaction\jboss-transaction-api_1.2_spec\1.1.1.Final\jboss-transaction-api_1.2_spec-1.1.1.Final.jar;E:\maven-repo\repo\org\jboss\jandex\2.0.5.Final\jandex-2.0.5.Final.jar;E:\maven-repo\repo\com\fasterxml\classmate\1.3.4\classmate-1.3.4.jar;E:\maven-repo\repo\javax\activation\javax.activation-api\1.2.0\javax.activation-api-1.2.0.jar;E:\maven-repo\repo\org\dom4j\dom4j\2.1.1\dom4j-2.1.1.jar;E:\maven-repo\repo\org\hibernate\common\hibernate-commons-annotations\5.1.0.Final\hibernate-commons-annotations-5.1.0.Final.jar;E:\maven-repo\repo\javax\xml\bind\jaxb-api\2.3.1\jaxb-api-2.3.1.jar;E:\maven-repo\repo\org\glassfish\jaxb\jaxb-runtime\2.3.1\jaxb-runtime-2.3.1.jar;E:\maven-repo\repo\org\glassfish\jaxb\txw2\2.3.1\txw2-2.3.1.jar;E:\maven-repo\repo\com\sun\istack\istack-commons-runtime\3.0.7\istack-commons-runtime-3.0.7.jar;E:\maven-repo\repo\org\jvnet\staxex\stax-ex\1.8\stax-ex-1.8.jar;E:\maven-repo\repo\com\sun\xml\fastinfoset\FastInfoset\1.2.15\FastInfoset-1.2.15.jar;E:\maven-repo\repo\mysql\mysql-connector-java\5.1.43\mysql-connector-java-5.1.43.jar;E:\maven-repo\repo\org\springframework\spring-context\5.1.8.RELEASE\spring-context-5.1.8.RELEASE.jar;E:\maven-repo\repo\org\springframework\spring-aop\5.1.8.RELEASE\spring-aop-5.1.8.RELEASE.jar;E:\maven-repo\repo\org\springframework\spring-beans\5.1.8.RELEASE\spring-beans-5.1.8.RELEASE.jar;E:\maven-repo\repo\org\springframework\spring-core\5.1.8.RELEASE\spring-core-5.1.8.RELEASE.jar;E:\maven-repo\repo\org\springframework\spring-jcl\5.1.8.RELEASE\spring-jcl-5.1.8.RELEASE.jar;E:\maven-repo\repo\org\springframework\spring-expression\5.1.8.RELEASE\spring-expression-5.1.8.RELEASE.jar;E:\maven-repo\repo\org\springframework\spring-orm\5.1.8.RELEASE\spring-orm-5.1.8.RELEASE.jar;E:\maven-repo\repo\org\springframework\spring-jdbc\5.1.8.RELEASE\spring-jdbc-5.1.8.RELEASE.jar;E:\maven-repo\repo\org\springframework\spring-tx\5.1.8.RELEASE\spring-tx-5.1.8.RELEASE.jar;E:\maven-repo\repo\org\springframework\spring-test\5.1.8.RELEASE\spring-test-5.1.8.RELEASE.jar;E:\maven-repo\repo\cglib\cglib\3.2.12\cglib-3.2.12.jar;E:\maven-repo\repo\org\ow2\asm\asm\7.1\asm-7.1.jar;E:\maven-repo\repo\javax\annotation\jsr250-api\1.0\jsr250-api-1.0.jar;E:\maven-repo\repo\org\apache\commons\commons-dbcp2\2.6.0\commons-dbcp2-2.6.0.jar;E:\maven-repo\repo\org\apache\commons\commons-pool2\2.6.1\commons-pool2-2.6.1.jar;E:\maven-repo\repo\commons-logging\commons-logging\1.2\commons-logging-1.2.jar;E:\maven-repo\repo\org\dbunit\dbunit\2.6.0\dbunit-2.6.0.jar;E:\maven-repo\repo\commons-collections\commons-collections\3.2.2\commons-collections-3.2.2.jar;E:\maven-repo\repo\org\apache\poi\poi-ooxml\3.17\poi-ooxml-3.17.jar;E:\maven-repo\repo\org\apache\poi\poi\3.17\poi-3.17.jar;E:\maven-repo\repo\commons-codec\commons-codec\1.10\commons-codec-1.10.jar;E:\maven-repo\repo\org\apache\commons\commons-collections4\4.1\commons-collections4-4.1.jar;E:\maven-repo\repo\org\apache\poi\poi-ooxml-schemas\3.17\poi-ooxml-schemas-3.17.jar;E:\maven-repo\repo\org\apache\xmlbeans\xmlbeans\2.6.0\xmlbeans-2.6.0.jar;E:\maven-repo\repo\stax\stax-api\1.0.1\stax-api-1.0.1.jar;E:\maven-repo\repo\com\github\virtuald\curvesapi\1.04\curvesapi-1.04.jar;E:\maven-repo\repo\postgresql\postgresql\8.4-701.jdbc3\postgresql-8.4-701.jdbc3.jar;E:\maven-repo\repo\org\slf4j\slf4j-api\1.8.0-beta0\slf4j-api-1.8.0-beta0.jar;E:\maven-repo\repo\org\slf4j\slf4j-simple\1.8.0-beta0\slf4j-simple-1.8.0-beta0.jar;E:\maven-repo\repo\org\aspectj\aspectjweaver\1.9.4\aspectjweaver-1.9.4.jar;E:\maven-repo\repo\javax\inject\javax.inject\1\javax.inject-1.jar;E:\maven-repo\repo\com\github\springtestdbunit\spring-test-dbunit\1.3.0\spring-test-dbunit-1.3.0.jar;"/>
    <property name="java.vm.vendor" value="Oracle Corporation"/>
    <property name="sun.arch.data.model" value="64"/>
    <property name="user.variant" value=""/>
    <property name="java.vendor.url" value="https://java.oracle.com/"/>
    <property name="user.timezone" value="Asia/Shanghai"/>
    <property name="os.name" value="Windows 10"/>
    <property name="java.vm.specification.version" value="12"/>
    <property name="sun.java.launcher" value="SUN_STANDARD"/>
    <property name="user.country" value="CN"/>
    <property name="sun.boot.library.path" value="D:\jdk-12\bin"/>
    <property name="sun.java.command" value="C:\Users\Admin\AppData\Local\Temp\surefire387680432340681643\surefirebooter5740086083389442201.jar C:\Users\Admin\AppData\Local\Temp\surefire387680432340681643 2019-08-06T18-10-04_677-jvmRun1 surefire9845361190807723698tmp surefire_014437380844297410800tmp"/>
    <property name="jdk.debug" value="release"/>
    <property name="surefire.test.class.path" value="E:\java_workspace\cms-parent\base-hibernate\target\test-classes;E:\java_workspace\cms-parent\base-hibernate\target\classes;E:\maven-repo\repo\junit\junit\4.12\junit-4.12.jar;E:\maven-repo\repo\org\hamcrest\hamcrest-core\1.3\hamcrest-core-1.3.jar;E:\maven-repo\repo\org\hibernate\hibernate-core\5.4.3.Final\hibernate-core-5.4.3.Final.jar;E:\maven-repo\repo\org\jboss\logging\jboss-logging\3.3.2.Final\jboss-logging-3.3.2.Final.jar;E:\maven-repo\repo\javax\persistence\javax.persistence-api\2.2\javax.persistence-api-2.2.jar;E:\maven-repo\repo\org\javassist\javassist\3.24.0-GA\javassist-3.24.0-GA.jar;E:\maven-repo\repo\net\bytebuddy\byte-buddy\1.9.10\byte-buddy-1.9.10.jar;E:\maven-repo\repo\antlr\antlr\2.7.7\antlr-2.7.7.jar;E:\maven-repo\repo\org\jboss\spec\javax\transaction\jboss-transaction-api_1.2_spec\1.1.1.Final\jboss-transaction-api_1.2_spec-1.1.1.Final.jar;E:\maven-repo\repo\org\jboss\jandex\2.0.5.Final\jandex-2.0.5.Final.jar;E:\maven-repo\repo\com\fasterxml\classmate\1.3.4\classmate-1.3.4.jar;E:\maven-repo\repo\javax\activation\javax.activation-api\1.2.0\javax.activation-api-1.2.0.jar;E:\maven-repo\repo\org\dom4j\dom4j\2.1.1\dom4j-2.1.1.jar;E:\maven-repo\repo\org\hibernate\common\hibernate-commons-annotations\5.1.0.Final\hibernate-commons-annotations-5.1.0.Final.jar;E:\maven-repo\repo\javax\xml\bind\jaxb-api\2.3.1\jaxb-api-2.3.1.jar;E:\maven-repo\repo\org\glassfish\jaxb\jaxb-runtime\2.3.1\jaxb-runtime-2.3.1.jar;E:\maven-repo\repo\org\glassfish\jaxb\txw2\2.3.1\txw2-2.3.1.jar;E:\maven-repo\repo\com\sun\istack\istack-commons-runtime\3.0.7\istack-commons-runtime-3.0.7.jar;E:\maven-repo\repo\org\jvnet\staxex\stax-ex\1.8\stax-ex-1.8.jar;E:\maven-repo\repo\com\sun\xml\fastinfoset\FastInfoset\1.2.15\FastInfoset-1.2.15.jar;E:\maven-repo\repo\mysql\mysql-connector-java\5.1.43\mysql-connector-java-5.1.43.jar;E:\maven-repo\repo\org\springframework\spring-context\5.1.8.RELEASE\spring-context-5.1.8.RELEASE.jar;E:\maven-repo\repo\org\springframework\spring-aop\5.1.8.RELEASE\spring-aop-5.1.8.RELEASE.jar;E:\maven-repo\repo\org\springframework\spring-beans\5.1.8.RELEASE\spring-beans-5.1.8.RELEASE.jar;E:\maven-repo\repo\org\springframework\spring-core\5.1.8.RELEASE\spring-core-5.1.8.RELEASE.jar;E:\maven-repo\repo\org\springframework\spring-jcl\5.1.8.RELEASE\spring-jcl-5.1.8.RELEASE.jar;E:\maven-repo\repo\org\springframework\spring-expression\5.1.8.RELEASE\spring-expression-5.1.8.RELEASE.jar;E:\maven-repo\repo\org\springframework\spring-orm\5.1.8.RELEASE\spring-orm-5.1.8.RELEASE.jar;E:\maven-repo\repo\org\springframework\spring-jdbc\5.1.8.RELEASE\spring-jdbc-5.1.8.RELEASE.jar;E:\maven-repo\repo\org\springframework\spring-tx\5.1.8.RELEASE\spring-tx-5.1.8.RELEASE.jar;E:\maven-repo\repo\org\springframework\spring-test\5.1.8.RELEASE\spring-test-5.1.8.RELEASE.jar;E:\maven-repo\repo\cglib\cglib\3.2.12\cglib-3.2.12.jar;E:\maven-repo\repo\org\ow2\asm\asm\7.1\asm-7.1.jar;E:\maven-repo\repo\javax\annotation\jsr250-api\1.0\jsr250-api-1.0.jar;E:\maven-repo\repo\org\apache\commons\commons-dbcp2\2.6.0\commons-dbcp2-2.6.0.jar;E:\maven-repo\repo\org\apache\commons\commons-pool2\2.6.1\commons-pool2-2.6.1.jar;E:\maven-repo\repo\commons-logging\commons-logging\1.2\commons-logging-1.2.jar;E:\maven-repo\repo\org\dbunit\dbunit\2.6.0\dbunit-2.6.0.jar;E:\maven-repo\repo\commons-collections\commons-collections\3.2.2\commons-collections-3.2.2.jar;E:\maven-repo\repo\org\apache\poi\poi-ooxml\3.17\poi-ooxml-3.17.jar;E:\maven-repo\repo\org\apache\poi\poi\3.17\poi-3.17.jar;E:\maven-repo\repo\commons-codec\commons-codec\1.10\commons-codec-1.10.jar;E:\maven-repo\repo\org\apache\commons\commons-collections4\4.1\commons-collections4-4.1.jar;E:\maven-repo\repo\org\apache\poi\poi-ooxml-schemas\3.17\poi-ooxml-schemas-3.17.jar;E:\maven-repo\repo\org\apache\xmlbeans\xmlbeans\2.6.0\xmlbeans-2.6.0.jar;E:\maven-repo\repo\stax\stax-api\1.0.1\stax-api-1.0.1.jar;E:\maven-repo\repo\com\github\virtuald\curvesapi\1.04\curvesapi-1.04.jar;E:\maven-repo\repo\postgresql\postgresql\8.4-701.jdbc3\postgresql-8.4-701.jdbc3.jar;E:\maven-repo\repo\org\slf4j\slf4j-api\1.8.0-beta0\slf4j-api-1.8.0-beta0.jar;E:\maven-repo\repo\org\slf4j\slf4j-simple\1.8.0-beta0\slf4j-simple-1.8.0-beta0.jar;E:\maven-repo\repo\org\aspectj\aspectjweaver\1.9.4\aspectjweaver-1.9.4.jar;E:\maven-repo\repo\javax\inject\javax.inject\1\javax.inject-1.jar;E:\maven-repo\repo\com\github\springtestdbunit\spring-test-dbunit\1.3.0\spring-test-dbunit-1.3.0.jar;"/>
    <property name="sun.cpu.endian" value="little"/>
    <property name="user.home" value="C:\Users\Admin"/>
    <property name="user.language" value="zh"/>
    <property name="java.specification.vendor" value="Oracle Corporation"/>
    <property name="java.version.date" value="2019-03-19"/>
    <property name="java.home" value="D:\jdk-12"/>
    <property name="file.separator" value="\"/>
    <property name="basedir" value="E:\java_workspace\cms-parent\base-hibernate"/>
    <property name="java.vm.compressedOopsMode" value="32-bit"/>
    <property name="line.separator" value="&#10;"/>
    <property name="java.vm.specification.vendor" value="Oracle Corporation"/>
    <property name="java.specification.name" value="Java Platform API Specification"/>
    <property name="java.awt.graphicsenv" value="sun.awt.Win32GraphicsEnvironment"/>
    <property name="surefire.real.class.path" value="C:\Users\Admin\AppData\Local\Temp\surefire387680432340681643\surefirebooter5740086083389442201.jar"/>
    <property name="user.script" value=""/>
    <property name="sun.management.compiler" value="HotSpot 64-Bit Tiered Compilers"/>
    <property name="java.runtime.version" value="12+33"/>
    <property name="user.name" value="Admin"/>
    <property name="path.separator" value=";"/>
    <property name="os.version" value="10.0"/>
    <property name="java.runtime.name" value="Java(TM) SE Runtime Environment"/>
    <property name="file.encoding" value="GBK"/>
    <property name="java.vm.name" value="Java HotSpot(TM) 64-Bit Server VM"/>
    <property name="localRepository" value="E:\maven-repo\repo"/>
    <property name="java.vendor.url.bug" value="https://bugreport.java.com/bugreport/"/>
    <property name="java.io.tmpdir" value="C:\Users\Admin\AppData\Local\Temp\"/>
    <property name="java.version" value="12"/>
    <property name="user.dir" value="E:\java_workspace\cms-parent\base-hibernate"/>
    <property name="os.arch" value="amd64"/>
    <property name="java.vm.specification.name" value="Java Virtual Machine Specification"/>
    <property name="idea.version2019.1.3" value="true"/>
    <property name="sun.os.patch.level" value=""/>
    <property name="java.library.path" value="D:\jdk-12\bin;C:\Windows\Sun\Java\bin;C:\Windows\system32;C:\Windows;C:\Program Files (x86)\Common Files\Oracle\Java\javapath;C:\Windows\system32;C:\Windows;C:\Windows\System32\Wbem;C:\Windows\System32\WindowsPowerShell\v1.0\;C:\Windows\System32\OpenSSH\;D:\android_sdk\platform-tools;D:\android_sdk\tools;D:\Program Files\TortoiseSVN\bin;D:\jdk-12\bin;D:\apache-tomcat-9.0.0.M26\bin;D:\mysql-5.6.43-winx64\bin;D:\Program Files\Redis;D:\Program Files\metasploit-framework\metasploit-framework\bin\;D:\Program Files\putty\;C:\Users\Admin\AppData\Local\Microsoft\WindowsApps;D:\flutter\bin;D:\Program Files\Git\bin;;."/>
    <property name="java.vm.info" value="mixed mode, sharing"/>
    <property name="java.vendor" value="Oracle Corporation"/>
    <property name="java.vm.version" value="12+33"/>
    <property name="sun.io.unicode.encoding" value="UnicodeLittle"/>
    <property name="java.class.version" value="56.0"/>
  </properties>
  <testcase name="testLoad" classname="com.lcc.basic.dao.TestUserDao" time="0.162"/>
  <testcase name="testDelete" classname="com.lcc.basic.dao.TestUserDao" time="0.059"/>
</testsuite>